Arguments: 
  /home/sovlookup/.nvm/versions/node/v16.9.1/bin/node /home/sovlookup/.node/corepack/yarn/1.22.11/bin/yarn.js

PATH: 
  /home/sovlookup/.nvm/versions/node/v16.9.1/bin:/home/sovlookup/.local/bin:/usr/local/sbin:/usr/local/bin:/usr/bin:/var/lib/flatpak/exports/bin:/usr/lib/jvm/default/bin:/usr/bin/site_perl:/usr/bin/vendor_perl:/usr/bin/core_perl:/var/lib/snapd/snap/bin:/home/sovlookup/go/bin:/home/sovlookup/.cargo/bin:/home/sovlookup/go/bin:/home/sovlookup/.cargo/bin

Yarn version: 
  1.22.11

Node version: 
  16.9.1

Platform: 
  linux x64

Trace: 
  Error: EEXIST: file already exists, mkdir '/home/sovlookup/桌面/core/rubick-core/node_modules/eslint-import-resolver-node/node_modules'

npm manifest: 
  {
    "name": "@rubick/rubick-core",
    "version": "0.0.2-19",
    "description": "rubick core api",
    "author": "muwoo",
    "license": "ISC",
    "homepage": "https://github.com/rubickCenter/rubick-core#readme",
    "repository": {
      "type": "git",
      "url": "git+https://github.com/rubickCenter/rubick-core.git"
    },
    "bugs": {
      "url": "https://github.com/rubickCenter/rubick-core/issues"
    },
    "main": "dist/index.js",
    "types": "dist/index.d.ts",
    "scripts": {
      "build": "tsc",
      "watch": "tsc --watch",
      "test": "jest",
      "ok": "npm run commit && npm run release",
      "commit": "git add . && gitmoji -c",
      "release": "release-it",
      "lint": "eslint src --fix --ext .ts,.js "
    },
    "dependencies": {
      "execa": "^5.1.1",
      "fs-extra": "^10.0.0",
      "got": "^11.8.2",
      "pnpm": "^6.17.2",
      "pouchdb": "^7.2.2",
      "yjs": "^13.5.16"
    },
    "devDependencies": {
      "@types/fs-extra": "^9.0.13",
      "@types/jest": "^27.0.2",
      "@types/node": "^16.11.1",
      "@types/pouchdb": "^6.4.0",
      "@typescript-eslint/eslint-plugin": "^5.0.0",
      "eslint": "^8.0.1",
      "eslint-config-prettier": "^8.3.0",
      "eslint-config-standard-with-typescript": "^21.0.1",
      "eslint-plugin-import": "^2.25.2",
      "eslint-plugin-node": "^11.1.0",
      "eslint-plugin-prettier": "^4.0.0",
      "eslint-plugin-promise": "^5.1.0",
      "gitmoji-changelog": "^2.2.1",
      "gitmoji-cli": "^4.7.0",
      "jest": "^27.3.0",
      "prettier": "^2.4.1",
      "release-it": "^14.11.6",
      "ts-jest": "^27.0.7",
      "typescript": "4.5.0-dev.20211010"
    },
    "release-it": {
      "npm": {
        "publish": false
      },
      "hooks": {
        "before:git:commit": "npm run lint"
      }
    }
  }

yarn manifest: 
  No manifest

Lockfile: 
  No lockfile
